<?xml version="1.0" encoding="UTF-8" standalone="no"?><testsuite errors="1" failures="0" name="como  cliente me encuentro en la pagina principal de la floristeria Mundo Flor." skipped="0" tests="2" time="33.58" timestamp="2025-10-07 09:14:29"><testcase name="Compra exitosa de un producto"/><testcase name="modificar la cantidad de productos en el carrito"><error message="Failed to invoke public void stepDefinitions.ProductosStepDefinitions.elUsuarioAgregaElProductoAlCarritoVeces(java.lang.String,int)" type="io.cucumber.core.backend.CucumberBackendException">Failed to invoke public void stepDefinitions.ProductosStepDefinitions.elUsuarioAgregaElProductoAlCarritoVeces(java.lang.String,int)</error><system-err>Failed to invoke public void stepDefinitions.ProductosStepDefinitions.elUsuarioAgregaElProductoAlCarritoVeces(java.lang.String,int)&#13;
worker.org.gradle.process.internal.worker.GradleWorkerMain.run(GradleWorkerMain.java:69)&#13;
worker.org.gradle.process.internal.worker.GradleWorkerMain.main(GradleWorkerMain.java:74)&#13;
</system-err></testcase></testsuite>